-------------------

Error occurred on Wednesday, May 5, 2021 at 09:19:28.

codeblocks.exe caused a Breakpoint at location 698BACA5 in module wxmsw313u_gcc_custom.dll.

Registers:
eax=00000001 ebx=033eed40 ecx=0b2d62bf edx=01bd0000 esi=008ffdd0 edi=008ffdd8
eip=698baca5 esp=008ffd30 ebp=008ffe28 iopl=0         nv up ei pl nz na pe nc
cs=0023  ss=002b  ds=002b  es=002b  fs=0053  gs=002b             efl=00000202

AddrPC   Params
698BACA5 6AA10BC0 008FFE54 7720CFE5  wxmsw313u_gcc_custom.dll!wxDDECleanUp
69835F5E 00400000 00000000 00913AA9  wxmsw313u_gcc_custom.dll!wxEntryCleanup
005A36DD 0000005F 033B9A8C 033B9ADC  codeblocks.exe!0x1a36dd
0040138B 00000000 769FFA29 0025B000  codeblocks.exe!0x138b
769FFA29 0025B000 9246DF00 00000000  KERNEL32.DLL!@BaseThreadInitThunk@12
77E87A4E FFFFFFFF 77EA88F7 00000000  ntdll.dll!__RtlUserThreadStart
77E87A1E 00401480 0025B000 00000000  ntdll.dll!__RtlUserThreadStart@8

codeblocks.exe	20.3.0.0
ntdll.dll   	10.0.19041.928
KERNEL32.DLL	10.0.19041.928
KERNELBASE.dll	10.0.19041.906
msvcrt.dll  	7.0.19041.546
COMCTL32.DLL	6.10.19041.844
SHELL32.dll 	10.0.19041.906
GDI32.dll   	10.0.19041.746
msvcp_win.dll	10.0.19041.789
ucrtbase.dll	10.0.19041.789
win32u.dll  	10.0.19041.906
gdi32full.dll	10.0.19041.928
USER32.dll  	10.0.19041.906
wxmsw313u_gcc_custom.dll	3.1.3.0
SHFOLDER.DLL	10.0.19041.1
exchndl.dll 	0.9.1.0
ADVAPI32.dll	10.0.19041.610
mgwhelp.dll 	0.9.1.0
sechost.dll 	10.0.19041.906
PSAPI.DLL   	10.0.19041.546
RPCRT4.dll  	10.0.19041.928
COMDLG32.DLL	10.0.19041.906
dbghelp.dll 	10.0.17134.12
combase.dll 	10.0.19041.928
shcore.dll  	10.0.19041.746
VERSION.dll 	10.0.19041.546
SHLWAPI.dll 	10.0.19041.746
dbgcore.DLL 	10.0.17134.12
ole32.dll   	10.0.19041.746
OLEAUT32.dll	10.0.19041.804
OLEACC.dll  	7.2.19041.746
UxTheme.dll 	10.0.19041.746
WINMM.DLL   	10.0.19041.546
WSOCK32.DLL 	10.0.19041.1
WS2_32.dll  	10.0.19041.546
codeblocks.dll
WINSPOOL.DRV	10.0.19041.746
IMM32.DLL   	10.0.19041.546
CRYPTSP.dll 	10.0.19041.546
rsaenh.dll  	10.0.19041.546
bcrypt.dll  	10.0.19041.546
CRYPTBASE.dll	10.0.19041.546
bcryptPrimitives.dll	10.0.19041.662
kernel.appcore.dll	10.0.19041.546
windows.storage.dll	10.0.19041.906
Wldp.dll    	10.0.19041.662
MSCTF.dll   	10.0.19041.906
SspiCli.dll 	10.0.19041.906
DUser.dll   	10.0.19041.546
atlthunk.dll	10.0.19041.546
TextShaping.dll
textinputframework.dll	10.0.19041.906
CoreUIComponents.dll	10.0.19041.546
CoreMessaging.dll	10.0.19041.867
wintypes.dll	10.0.19041.928
ntmarta.dll 	10.0.19041.546
symsrv.dll  	10.0.17134.12
CRYPT32.dll 	10.0.19041.844
WININET.dll 	11.0.19041.844
iertutil.dll	11.0.19041.906
profapi.dll 	10.0.19041.844
ondemandconnroutehelper.dll	10.0.19041.546
winhttp.dll 	10.0.19041.906
mswsock.dll 	10.0.19041.546
IPHLPAPI.DLL	10.0.19041.546
NSI.dll     	10.0.19041.610
WINNSI.DLL  	10.0.19041.546
urlmon.dll  	11.0.19041.906
DNSAPI.dll  	10.0.19041.928
rasadhlp.dll	10.0.19041.546
fwpuclnt.dll	10.0.19041.546
schannel.dll	10.0.19041.789
mskeyprotect.dll	10.0.19041.546
NTASN1.dll  	10.0.19041.546
MSASN1.dll  	10.0.19041.546
DPAPI.DLL   	10.0.19041.546
WINTRUST.dll	10.0.19041.804
cryptnet.dll	10.0.19041.906
ncrypt.dll  	10.0.19041.546
ncryptsslp.dll	10.0.19041.546

Windows 10.0.19042
DrMingw 0.9.1

